libraries/tess-two/build/outputs/logs/manifest-merger-debug-report.txt
-- Merging decision tree log ---
manifest
ADDED from libraries/tess-two/AndroidManifest.xml:17:1-19:12
INJECTED from libraries/tess-two/AndroidManifest.xml:17:1-19:12
INJECTED from libraries/tess-two/AndroidManifest.xml:17:1-19:12
	package
		ADDED from libraries/tess-two/AndroidManifest.xml:17:11-53
		INJECTED from libraries/tess-two/AndroidManifest.xml
		INJECTED from libraries/tess-two/AndroidManifest.xml
	xmlns:android
		ADDED from libraries/tess-two/AndroidManifest.xml:17:1-19:12
uses-sdk
INJECTED from libraries/tess-two/AndroidManifest.xml reason: use-sdk injection requested
INJECTED from libraries/tess-two/AndroidManifest.xml
INJECTED from libraries/tess-two/AndroidManifest.xml
INJECTED from libraries/tess-two/AndroidManifest.xml
INJECTED from libraries/tess-two/AndroidManifest.xml
	android:targetSdkVersion
		INJECTED from libraries/tess-two/AndroidManifest.xml
		ADDED from libraries/tess-two/AndroidManifest.xml
		INJECTED from libraries/tess-two/AndroidManifest.xml
	android:minSdkVersion
		INJECTED from libraries/tess-two/AndroidManifest.xml
		ADDED from libraries/tess-two/AndroidManifest.xml
		INJECTED from libraries/tess-two/AndroidManifest.xml